2025-07-17T01:57:34.904Z [info]: ADMIN_ACTION {"service":"d4-media-security","userId":"unauthenticated","ip":"::1","method":"POST","path":"/api/v1/auth/login","body":{}}
2025-07-17T01:57:34.951Z [warn]: LOGIN_FAILURE {"service":"d4-media-security","ip":"::1","email":"admin@d4media.com","statusCode":401}
2025-07-17T01:57:58.313Z [info]: ADMIN_ACTION {"service":"d4-media-security","userId":"unauthenticated","ip":"::1","method":"POST","path":"/api/v1/auth/login","body":{}}
2025-07-17T01:57:58.353Z [warn]: LOGIN_FAILURE {"service":"d4-media-security","ip":"::1","email":"admin@d4media.com","statusCode":401}
2025-07-17T01:58:01.160Z [info]: ADMIN_ACTION {"service":"d4-media-security","userId":"unauthenticated","ip":"::1","method":"POST","path":"/api/v1/auth/login","body":{}}
2025-07-17T01:58:01.197Z [warn]: LOGIN_FAILURE {"service":"d4-media-security","ip":"::1","email":"admin@d4media.com","statusCode":401}
2025-07-17T01:58:10.695Z [info]: ADMIN_ACTION {"service":"d4-media-security","userId":"unauthenticated","ip":"::1","method":"POST","path":"/api/v1/auth/login","body":{}}
2025-07-17T01:58:10.728Z [warn]: LOGIN_FAILURE {"service":"d4-media-security","ip":"::1","email":"admin@d4media.com","statusCode":401}
2025-07-17T01:58:30.918Z [warn]: SUSPICIOUS_ACTIVITY {"service":"d4-media-security","type":"BRUTE_FORCE_ATTEMPT","ip":"::1","attempts":5,"emails":["unknown"]}
2025-07-17T01:58:30.919Z [info]: ADMIN_ACTION {"service":"d4-media-security","userId":"unauthenticated","ip":"::1","method":"POST","path":"/api/v1/auth/login","body":{}}
2025-07-17T01:58:30.956Z [warn]: LOGIN_FAILURE {"service":"d4-media-security","ip":"::1","email":"reception@d4media.com","statusCode":401}
2025-07-17T02:01:46.535Z [info]: ADMIN_ACTION {"service":"d4-media-security","userId":"unauthenticated","ip":"::1","method":"POST","path":"/api/v1/auth/login","body":{}}
2025-07-17T02:02:00.246Z [info]: ADMIN_ACTION {"service":"d4-media-security","userId":"unauthenticated","ip":"::1","method":"POST","path":"/api/v1/auth/login","body":{}}
2025-07-17T02:05:02.930Z [info]: ADMIN_ACTION {"service":"d4-media-security","userId":"unauthenticated","ip":"::1","method":"POST","path":"/api/v1/auth/login","body":{}}
2025-07-17T02:05:18.405Z [info]: ADMIN_ACTION {"service":"d4-media-security","userId":"unauthenticated","ip":"::1","method":"POST","path":"/api/v1/auth/login","body":{}}
2025-07-17T02:08:37.574Z [info]: ADMIN_ACTION {"service":"d4-media-security","userId":"unauthenticated","ip":"::1","method":"POST","path":"/api/v1/auth/login","body":{}}
2025-07-17T02:09:11.175Z [info]: ADMIN_ACTION {"service":"d4-media-security","userId":"unauthenticated","ip":"::1","method":"POST","path":"/api/v1/auth/login","body":{}}
2025-07-17T02:17:55.015Z [info]: ADMIN_ACTION {"service":"d4-media-security","userId":"unauthenticated","ip":"::1","method":"POST","path":"/api/v1/auth/login","body":{}}
2025-07-17T02:18:36.466Z [info]: ADMIN_ACTION {"service":"d4-media-security","userId":"unauthenticated","ip":"::1","method":"POST","path":"/api/v1/auth/login","body":{}}
2025-07-17T02:26:30.528Z [info]: ADMIN_ACTION {"service":"d4-media-security","userId":"unauthenticated","ip":"::1","method":"POST","path":"/api/v1/auth/login","body":{}}
2025-07-17T02:27:11.839Z [info]: ADMIN_ACTION {"service":"d4-media-security","userId":"unauthenticated","ip":"::1","method":"POST","path":"/api/v1/auth/login","body":{}}
2025-07-17T02:30:17.238Z [info]: ADMIN_ACTION {"service":"d4-media-security","userId":"unauthenticated","ip":"::1","method":"POST","path":"/api/v1/auth/login","body":{}}
2025-07-17T02:33:01.469Z [info]: ADMIN_ACTION {"service":"d4-media-security","userId":"unauthenticated","ip":"::1","method":"POST","path":"/api/v1/auth/login","body":{}}
2025-07-17T02:40:36.557Z [info]: ADMIN_ACTION {"service":"d4-media-security","userId":"unauthenticated","ip":"::1","method":"POST","path":"/api/v1/auth/login","body":{}}
2025-07-17T02:46:06.340Z [info]: ADMIN_ACTION {"service":"d4-media-security","userId":"unauthenticated","ip":"::1","method":"POST","path":"/api/v1/auth/login","body":{}}
2025-07-17T03:01:07.317Z [info]: ADMIN_ACTION {"service":"d4-media-security","userId":"unauthenticated","ip":"::1","method":"POST","path":"/api/v1/auth/login","body":{}}
2025-07-17T03:04:11.913Z [info]: ADMIN_ACTION {"service":"d4-media-security","userId":"unauthenticated","ip":"::1","method":"POST","path":"/api/v1/auth/login","body":{}}
2025-07-17T03:05:05.106Z [info]: ADMIN_ACTION {"service":"d4-media-security","userId":"unauthenticated","ip":"::1","method":"POST","path":"/api/v1/users","body":{}}
2025-07-17T03:05:31.494Z [info]: ADMIN_ACTION {"service":"d4-media-security","userId":"unauthenticated","ip":"::1","method":"POST","path":"/api/v1/users","body":{}}
2025-07-17T03:06:19.721Z [info]: ADMIN_ACTION {"service":"d4-media-security","userId":"unauthenticated","ip":"::1","method":"PUT","path":"/api/v1/users/6878687b45ad1ad1b927e7a0","body":{}}
2025-07-17T03:06:53.073Z [info]: ADMIN_ACTION {"service":"d4-media-security","userId":"unauthenticated","ip":"::1","method":"PUT","path":"/api/v1/users/6878687b45ad1ad1b927e7a0","body":{}}
2025-07-17T03:13:50.963Z [info]: ADMIN_ACTION {"service":"d4-media-security","userId":"unauthenticated","ip":"::1","method":"POST","path":"/api/v1/auth/login","body":{}}
2025-07-17T03:13:51.039Z [warn]: LOGIN_FAILURE {"service":"d4-media-security","ip":"::1","email":"babu@d4media.com","statusCode":401}
2025-07-17T03:14:05.204Z [info]: ADMIN_ACTION {"service":"d4-media-security","userId":"unauthenticated","ip":"::1","method":"POST","path":"/api/v1/auth/login","body":{}}
2025-07-17T03:14:05.291Z [warn]: LOGIN_FAILURE {"service":"d4-media-security","ip":"::1","email":"babu@d4media.com","statusCode":401}
2025-07-17T03:14:09.362Z [info]: ADMIN_ACTION {"service":"d4-media-security","userId":"unauthenticated","ip":"::1","method":"POST","path":"/api/v1/auth/login","body":{}}
2025-07-17T04:30:39.897Z [info]: ADMIN_ACTION {"service":"d4-media-security","userId":"unauthenticated","ip":"::1","method":"POST","path":"/api/v1/auth/login","body":{}}
2025-07-17T04:31:58.079Z [info]: ADMIN_ACTION {"service":"d4-media-security","userId":"unauthenticated","ip":"::1","method":"POST","path":"/api/v1/auth/login","body":{}}
2025-07-17T04:48:27.432Z [info]: ADMIN_ACTION {"service":"d4-media-security","userId":"unauthenticated","ip":"::1","method":"POST","path":"/api/v1/auth/login","body":{}}
2025-07-17T04:48:55.681Z [info]: ADMIN_ACTION {"service":"d4-media-security","userId":"unauthenticated","ip":"::1","method":"POST","path":"/api/v1/auth/login","body":{}}
2025-07-17T05:28:00.624Z [info]: ADMIN_ACTION {"service":"d4-media-security","userId":"unauthenticated","ip":"::1","method":"POST","path":"/api/v1/auth/login","body":{}}
2025-07-17T07:19:49.446Z [info]: ADMIN_ACTION {"service":"d4-media-security","userId":"unauthenticated","ip":"::1","method":"POST","path":"/api/v1/auth/login","body":{}}
2025-07-17T07:20:06.051Z [info]: ADMIN_ACTION {"service":"d4-media-security","userId":"unauthenticated","ip":"::1","method":"POST","path":"/api/v1/auth/login","body":{}}
2025-07-17T07:20:19.649Z [info]: ADMIN_ACTION {"service":"d4-media-security","userId":"unauthenticated","ip":"::1","method":"POST","path":"/api/v1/auth/login","body":{}}
2025-07-17T07:23:19.687Z [info]: ADMIN_ACTION {"service":"d4-media-security","userId":"unauthenticated","ip":"::1","method":"POST","path":"/api/v1/auth/login","body":{}}
2025-07-17T07:23:44.927Z [info]: ADMIN_ACTION {"service":"d4-media-security","userId":"unauthenticated","ip":"::1","method":"POST","path":"/api/v1/auth/login","body":{}}
2025-07-17T07:23:54.667Z [info]: ADMIN_ACTION {"service":"d4-media-security","userId":"unauthenticated","ip":"::1","method":"POST","path":"/api/v1/auth/login","body":{}}
2025-07-17T07:29:51.686Z [info]: ADMIN_ACTION {"service":"d4-media-security","userId":"unauthenticated","ip":"::1","method":"POST","path":"/api/v1/auth/login","body":{}}
2025-07-17T07:30:07.437Z [info]: ADMIN_ACTION {"service":"d4-media-security","userId":"unauthenticated","ip":"::1","method":"POST","path":"/api/v1/auth/login","body":{}}
2025-07-17T07:30:23.952Z [info]: ADMIN_ACTION {"service":"d4-media-security","userId":"unauthenticated","ip":"::1","method":"POST","path":"/api/v1/auth/login","body":{}}
2025-07-17T07:30:54.487Z [info]: ADMIN_ACTION {"service":"d4-media-security","userId":"unauthenticated","ip":"::1","method":"POST","path":"/api/v1/auth/login","body":{}}
2025-07-17T07:31:25.867Z [info]: ADMIN_ACTION {"service":"d4-media-security","userId":"unauthenticated","ip":"::1","method":"POST","path":"/api/v1/auth/login","body":{}}
2025-07-17T07:40:28.156Z [info]: ADMIN_ACTION {"service":"d4-media-security","userId":"unauthenticated","ip":"::1","method":"POST","path":"/api/v1/auth/login","body":{}}
2025-07-17T08:17:39.962Z [info]: ADMIN_ACTION {"service":"d4-media-security","userId":"unauthenticated","ip":"::1","method":"POST","path":"/api/v1/auth/login","body":{}}
2025-07-17T08:18:04.149Z [info]: ADMIN_ACTION {"service":"d4-media-security","userId":"unauthenticated","ip":"::1","method":"POST","path":"/api/v1/auth/login","body":{}}
2025-07-18T02:51:32.106Z [info]: ADMIN_ACTION {"service":"d4-media-security","userId":"unauthenticated","ip":"::1","method":"POST","path":"/api/v1/auth/login","body":{}}
2025-07-18T02:53:56.091Z [info]: ADMIN_ACTION {"service":"d4-media-security","userId":"unauthenticated","ip":"::1","method":"POST","path":"/api/v1/auth/login","body":{}}
2025-07-18T03:00:31.493Z [info]: ADMIN_ACTION {"service":"d4-media-security","userId":"unauthenticated","ip":"::1","method":"POST","path":"/api/v1/api/v1/auth/login","body":{}}
2025-07-18T03:00:31.494Z [warn]: LOGIN_FAILURE {"service":"d4-media-security","ip":"::1","email":"admin@d4media.com","statusCode":404}
2025-07-18T03:00:32.771Z [info]: ADMIN_ACTION {"service":"d4-media-security","userId":"unauthenticated","ip":"::1","method":"POST","path":"/api/v1/api/v1/auth/login","body":{}}
2025-07-18T03:00:32.772Z [warn]: LOGIN_FAILURE {"service":"d4-media-security","ip":"::1","email":"admin@d4media.com","statusCode":404}
2025-07-18T03:00:33.570Z [info]: ADMIN_ACTION {"service":"d4-media-security","userId":"unauthenticated","ip":"::1","method":"POST","path":"/api/v1/api/v1/auth/login","body":{}}
2025-07-18T03:00:33.571Z [warn]: LOGIN_FAILURE {"service":"d4-media-security","ip":"::1","email":"admin@d4media.com","statusCode":404}
2025-07-18T03:00:35.604Z [info]: ADMIN_ACTION {"service":"d4-media-security","userId":"unauthenticated","ip":"::1","method":"POST","path":"/api/v1/api/v1/auth/login","body":{}}
2025-07-18T03:00:35.604Z [warn]: LOGIN_FAILURE {"service":"d4-media-security","ip":"::1","email":"admin@d4media.com","statusCode":404}
2025-07-18T03:00:47.233Z [info]: ADMIN_ACTION {"service":"d4-media-security","userId":"unauthenticated","ip":"::1","method":"POST","path":"/api/v1/api/v1/auth/login","body":{}}
2025-07-18T03:00:47.244Z [warn]: LOGIN_FAILURE {"service":"d4-media-security","ip":"::1","email":"admin@d4media.com","statusCode":404}
2025-07-18T03:00:59.024Z [info]: ADMIN_ACTION {"service":"d4-media-security","userId":"unauthenticated","ip":"::1","method":"POST","path":"/api/v1/api/v1/auth/login","body":{}}
2025-07-18T03:00:59.027Z [warn]: LOGIN_FAILURE {"service":"d4-media-security","ip":"::1","email":"admin@d4media.com","statusCode":404}
2025-07-18T03:02:07.977Z [info]: ADMIN_ACTION {"service":"d4-media-security","userId":"unauthenticated","ip":"::1","method":"POST","path":"/api/v1/api/v1/auth/login","body":{}}
2025-07-18T03:02:07.979Z [warn]: LOGIN_FAILURE {"service":"d4-media-security","ip":"::1","email":"admin@d4media.com","statusCode":404}
2025-07-18T03:02:53.612Z [info]: ADMIN_ACTION {"service":"d4-media-security","userId":"unauthenticated","ip":"::1","method":"POST","path":"/api/v1/api/v1/auth/login","body":{}}
2025-07-18T03:02:53.618Z [warn]: LOGIN_FAILURE {"service":"d4-media-security","ip":"::1","email":"admin@d4media.com","statusCode":404}
2025-07-18T03:03:04.408Z [info]: ADMIN_ACTION {"service":"d4-media-security","userId":"unauthenticated","ip":"::1","method":"POST","path":"/api/v1/api/v1/auth/login","body":{}}
2025-07-18T03:03:04.410Z [warn]: LOGIN_FAILURE {"service":"d4-media-security","ip":"::1","email":"admin@d4media.com","statusCode":404}
2025-07-18T03:13:52.514Z [info]: ADMIN_ACTION {"service":"d4-media-security","userId":"unauthenticated","ip":"::1","method":"POST","path":"/api/v1/auth/login","body":{}}
2025-07-18T03:14:21.445Z [info]: ADMIN_ACTION {"service":"d4-media-security","userId":"unauthenticated","ip":"::1","method":"POST","path":"/api/v1/auth/login","body":{}}
2025-07-18T03:24:34.515Z [info]: ADMIN_ACTION {"service":"d4-media-security","userId":"unauthenticated","ip":"::1","method":"POST","path":"/api/v1/auth/login","body":{}}
2025-07-18T03:26:14.489Z [info]: ADMIN_ACTION {"service":"d4-media-security","userId":"unauthenticated","ip":"::1","method":"PUT","path":"/api/v1/users/6878687b45ad1ad1b927e7a0","body":{}}
2025-07-18T03:38:19.539Z [info]: ADMIN_ACTION {"service":"d4-media-security","userId":"unauthenticated","ip":"::1","method":"POST","path":"/api/v1/auth/login","body":{}}
2025-07-18T03:38:19.673Z [warn]: LOGIN_FAILURE {"service":"d4-media-security","ip":"::1","email":"babu@d4media.com","statusCode":401}
2025-07-18T03:38:24.605Z [info]: ADMIN_ACTION {"service":"d4-media-security","userId":"unauthenticated","ip":"::1","method":"POST","path":"/api/v1/auth/login","body":{}}
2025-07-18T05:14:18.373Z [info]: ADMIN_ACTION {"service":"d4-media-security","userId":"unauthenticated","ip":"::1","method":"POST","path":"/api/v1/users","body":{}}
2025-07-18T05:22:31.408Z [info]: ADMIN_ACTION {"service":"d4-media-security","userId":"unauthenticated","ip":"::1","method":"POST","path":"/api/v1/auth/login","body":{}}
2025-07-18T05:38:02.946Z [info]: ADMIN_ACTION {"service":"d4-media-security","userId":"unauthenticated","ip":"::1","method":"POST","path":"/api/v1/auth/login","body":{}}
2025-07-18T05:38:23.245Z [info]: ADMIN_ACTION {"service":"d4-media-security","userId":"unauthenticated","ip":"::1","method":"POST","path":"/api/v1/auth/login","body":{}}
2025-07-18T05:38:57.462Z [info]: ADMIN_ACTION {"service":"d4-media-security","userId":"unauthenticated","ip":"::1","method":"POST","path":"/api/v1/auth/login","body":{}}
2025-07-18T08:51:53.393Z [info]: ADMIN_ACTION {"service":"d4-media-security","userId":"unauthenticated","ip":"::1","method":"POST","path":"/api/v1/auth/login","body":{}}
2025-07-18T08:53:45.610Z [info]: ADMIN_ACTION {"service":"d4-media-security","userId":"unauthenticated","ip":"::1","method":"POST","path":"/api/v1/auth/login","body":{}}
2025-07-18T09:22:04.081Z [info]: ADMIN_ACTION {"service":"d4-media-security","userId":"unauthenticated","ip":"::1","method":"POST","path":"/api/v1/auth/login","body":{}}
2025-07-18T09:22:30.872Z [info]: ADMIN_ACTION {"service":"d4-media-security","userId":"unauthenticated","ip":"::1","method":"POST","path":"/api/v1/auth/login","body":{}}
2025-07-18T09:24:08.266Z [info]: ADMIN_ACTION {"service":"d4-media-security","userId":"unauthenticated","ip":"::1","method":"POST","path":"/api/v1/auth/login","body":{}}
2025-07-18T09:29:44.495Z [info]: ADMIN_ACTION {"service":"d4-media-security","userId":"unauthenticated","ip":"::1","method":"POST","path":"/api/v1/auth/login","body":{}}
2025-07-18T23:54:33.793Z [info]: ADMIN_ACTION {"service":"d4-media-security","userId":"unauthenticated","ip":"::1","method":"POST","path":"/api/v1/auth/login","body":{}}
2025-07-18T23:58:57.697Z [info]: ADMIN_ACTION {"service":"d4-media-security","userId":"unauthenticated","ip":"::1","method":"POST","path":"/api/v1/auth/login","body":{}}
2025-07-18T23:59:03.945Z [info]: ADMIN_ACTION {"service":"d4-media-security","userId":"unauthenticated","ip":"::1","method":"POST","path":"/api/v1/auth/login","body":{}}
2025-07-18T23:59:23.954Z [info]: ADMIN_ACTION {"service":"d4-media-security","userId":"unauthenticated","ip":"::1","method":"POST","path":"/api/v1/auth/login","body":{}}
2025-07-19T00:01:02.288Z [info]: ADMIN_ACTION {"service":"d4-media-security","userId":"unauthenticated","ip":"::1","method":"POST","path":"/api/v1/auth/login","body":{}}
2025-07-19T00:01:04.312Z [info]: ADMIN_ACTION {"service":"d4-media-security","userId":"unauthenticated","ip":"::1","method":"POST","path":"/api/v1/auth/login","body":{}}
2025-07-19T00:01:40.458Z [info]: ADMIN_ACTION {"service":"d4-media-security","userId":"unauthenticated","ip":"::1","method":"POST","path":"/api/v1/auth/login","body":{}}
2025-07-19T00:02:05.372Z [info]: ADMIN_ACTION {"service":"d4-media-security","userId":"unauthenticated","ip":"::1","method":"POST","path":"/api/v1/auth/login","body":{}}
2025-07-19T00:02:33.057Z [info]: ADMIN_ACTION {"service":"d4-media-security","userId":"unauthenticated","ip":"::1","method":"POST","path":"/api/v1/auth/login","body":{}}
2025-07-19T00:03:42.788Z [info]: ADMIN_ACTION {"service":"d4-media-security","userId":"unauthenticated","ip":"::1","method":"POST","path":"/api/v1/auth/login","body":{}}
2025-07-19T00:04:01.399Z [info]: ADMIN_ACTION {"service":"d4-media-security","userId":"unauthenticated","ip":"::1","method":"POST","path":"/api/v1/auth/login","body":{}}
2025-07-19T00:04:36.795Z [info]: ADMIN_ACTION {"service":"d4-media-security","userId":"unauthenticated","ip":"::1","method":"POST","path":"/api/v1/auth/login","body":{}}
2025-07-19T00:04:45.255Z [info]: ADMIN_ACTION {"service":"d4-media-security","userId":"unauthenticated","ip":"::1","method":"POST","path":"/api/v1/auth/login","body":{}}
2025-07-19T00:06:12.975Z [info]: ADMIN_ACTION {"service":"d4-media-security","userId":"unauthenticated","ip":"::1","method":"POST","path":"/api/v1/auth/login","body":{}}
2025-07-19T00:08:28.112Z [info]: ADMIN_ACTION {"service":"d4-media-security","userId":"unauthenticated","ip":"::1","method":"POST","path":"/api/v1/auth/login","body":{}}
2025-07-19T00:08:45.989Z [info]: ADMIN_ACTION {"service":"d4-media-security","userId":"unauthenticated","ip":"::1","method":"POST","path":"/api/v1/auth/login","body":{}}
2025-07-19T00:09:36.334Z [info]: ADMIN_ACTION {"service":"d4-media-security","userId":"unauthenticated","ip":"::1","method":"POST","path":"/api/v1/auth/login","body":{}}
2025-07-19T00:09:43.269Z [info]: ADMIN_ACTION {"service":"d4-media-security","userId":"unauthenticated","ip":"::1","method":"POST","path":"/api/v1/auth/login","body":{}}
2025-07-19T00:10:56.747Z [info]: ADMIN_ACTION {"service":"d4-media-security","userId":"unauthenticated","ip":"::1","method":"POST","path":"/api/v1/auth/login","body":{}}
2025-07-19T00:14:19.193Z [info]: ADMIN_ACTION {"service":"d4-media-security","userId":"unauthenticated","ip":"::1","method":"POST","path":"/api/v1/auth/login","body":{}}
2025-07-19T00:19:27.090Z [info]: ADMIN_ACTION {"service":"d4-media-security","userId":"unauthenticated","ip":"::1","method":"POST","path":"/api/v1/auth/login","body":{}}
2025-07-19T00:21:40.387Z [info]: ADMIN_ACTION {"service":"d4-media-security","userId":"unauthenticated","ip":"::1","method":"POST","path":"/api/v1/auth/login","body":{}}
2025-07-19T00:22:16.294Z [info]: ADMIN_ACTION {"service":"d4-media-security","userId":"unauthenticated","ip":"::1","method":"POST","path":"/api/v1/auth/login","body":{}}
2025-07-19T00:22:45.138Z [info]: ADMIN_ACTION {"service":"d4-media-security","userId":"unauthenticated","ip":"::1","method":"POST","path":"/api/v1/auth/login","body":{}}
2025-07-19T00:22:50.277Z [info]: ADMIN_ACTION {"service":"d4-media-security","userId":"unauthenticated","ip":"::1","method":"POST","path":"/api/v1/auth/login","body":{}}
2025-07-19T00:28:05.454Z [info]: ADMIN_ACTION {"service":"d4-media-security","userId":"unauthenticated","ip":"::1","method":"POST","path":"/api/v1/auth/login","body":{}}
2025-07-19T00:37:55.051Z [info]: ADMIN_ACTION {"service":"d4-media-security","userId":"unauthenticated","ip":"::1","method":"POST","path":"/api/v1/auth/login","body":{}}
2025-07-19T00:41:27.978Z [info]: ADMIN_ACTION {"service":"d4-media-security","userId":"unauthenticated","ip":"::1","method":"POST","path":"/api/v1/auth/login","body":{}}
2025-07-19T00:41:58.649Z [info]: ADMIN_ACTION {"service":"d4-media-security","userId":"unauthenticated","ip":"::1","method":"POST","path":"/api/v1/auth/login","body":{}}
2025-07-19T00:42:10.661Z [info]: ADMIN_ACTION {"service":"d4-media-security","userId":"unauthenticated","ip":"::1","method":"POST","path":"/api/v1/auth/login","body":{}}
2025-07-19T00:46:48.794Z [info]: ADMIN_ACTION {"service":"d4-media-security","userId":"unauthenticated","ip":"::1","method":"POST","path":"/api/v1/auth/login","body":{}}
2025-07-19T00:52:23.213Z [info]: ADMIN_ACTION {"service":"d4-media-security","userId":"unauthenticated","ip":"::1","method":"POST","path":"/api/v1/auth/login","body":{}}
2025-07-19T01:00:17.054Z [info]: ADMIN_ACTION {"service":"d4-media-security","userId":"unauthenticated","ip":"::1","method":"POST","path":"/api/v1/auth/login","body":{}}
2025-07-19T01:20:53.350Z [info]: ADMIN_ACTION {"service":"d4-media-security","userId":"unauthenticated","ip":"::1","method":"POST","path":"/api/v1/auth/login","body":{}}
2025-07-19T01:33:29.114Z [info]: ADMIN_ACTION {"service":"d4-media-security","userId":"unauthenticated","ip":"::1","method":"POST","path":"/api/v1/auth/login","body":{}}
2025-07-19T01:38:46.686Z [info]: ADMIN_ACTION {"service":"d4-media-security","userId":"unauthenticated","ip":"::1","method":"POST","path":"/api/v1/auth/login","body":{}}
2025-07-19T01:39:45.645Z [info]: ADMIN_ACTION {"service":"d4-media-security","userId":"unauthenticated","ip":"::1","method":"POST","path":"/api/v1/auth/login","body":{}}
2025-07-19T01:41:17.834Z [info]: ADMIN_ACTION {"service":"d4-media-security","userId":"unauthenticated","ip":"::1","method":"POST","path":"/api/v1/auth/login","body":{}}
2025-07-19T01:42:00.766Z [info]: ADMIN_ACTION {"service":"d4-media-security","userId":"unauthenticated","ip":"::1","method":"POST","path":"/api/v1/auth/login","body":{}}
2025-07-19T01:48:22.517Z [info]: ADMIN_ACTION {"service":"d4-media-security","userId":"unauthenticated","ip":"::1","method":"POST","path":"/api/v1/auth/login","body":{}}
2025-07-19T01:50:12.902Z [info]: ADMIN_ACTION {"service":"d4-media-security","userId":"unauthenticated","ip":"::1","method":"POST","path":"/api/v1/auth/login","body":{}}
2025-07-19T01:55:04.367Z [info]: ADMIN_ACTION {"service":"d4-media-security","userId":"unauthenticated","ip":"::1","method":"POST","path":"/api/v1/auth/login","body":{}}
2025-07-19T01:56:21.770Z [info]: ADMIN_ACTION {"service":"d4-media-security","userId":"unauthenticated","ip":"::1","method":"POST","path":"/api/v1/auth/login","body":{}}
2025-07-19T02:15:40.573Z [info]: ADMIN_ACTION {"service":"d4-media-security","userId":"unauthenticated","ip":"::1","method":"POST","path":"/api/v1/auth/login","body":{}}
2025-07-19T02:15:40.651Z [warn]: LOGIN_FAILURE {"service":"d4-media-security","ip":"::1","email":"admin@d4media.com","statusCode":401}
2025-07-19T02:15:42.731Z [info]: ADMIN_ACTION {"service":"d4-media-security","userId":"unauthenticated","ip":"::1","method":"POST","path":"/api/v1/auth/login","body":{}}
2025-07-19T02:15:42.795Z [warn]: LOGIN_FAILURE {"service":"d4-media-security","ip":"::1","email":"admin@d4media.com","statusCode":401}
2025-07-19T02:15:59.135Z [info]: ADMIN_ACTION {"service":"d4-media-security","userId":"unauthenticated","ip":"::1","method":"POST","path":"/api/v1/auth/login","body":{}}
2025-07-19T02:15:59.212Z [warn]: LOGIN_FAILURE {"service":"d4-media-security","ip":"::1","email":"admin@d4media.com","statusCode":401}
2025-07-19T02:16:01.881Z [info]: ADMIN_ACTION {"service":"d4-media-security","userId":"unauthenticated","ip":"::1","method":"POST","path":"/api/v1/auth/login","body":{}}
2025-07-19T02:16:01.946Z [warn]: LOGIN_FAILURE {"service":"d4-media-security","ip":"::1","email":"admin@d4media.com","statusCode":401}
2025-07-19T02:16:12.127Z [info]: ADMIN_ACTION {"service":"d4-media-security","userId":"unauthenticated","ip":"::1","method":"POST","path":"/api/v1/auth/login","body":{}}
2025-07-19T02:16:12.215Z [warn]: LOGIN_FAILURE {"service":"d4-media-security","ip":"::1","email":"admin@d4media.com","statusCode":401}
2025-07-19T02:16:14.199Z [info]: ADMIN_ACTION {"service":"d4-media-security","userId":"unauthenticated","ip":"::1","method":"POST","path":"/api/v1/auth/login","body":{}}
2025-07-19T02:16:14.265Z [warn]: LOGIN_FAILURE {"service":"d4-media-security","ip":"::1","email":"admin@d4media.com","statusCode":401}
2025-07-19T02:16:45.960Z [info]: ADMIN_ACTION {"service":"d4-media-security","userId":"unauthenticated","ip":"::1","method":"POST","path":"/api/v1/auth/login","body":{}}
2025-07-19T02:16:46.038Z [warn]: LOGIN_FAILURE {"service":"d4-media-security","ip":"::1","email":"admin@d4media.com","statusCode":401}
2025-07-19T02:16:53.299Z [info]: ADMIN_ACTION {"service":"d4-media-security","userId":"unauthenticated","ip":"::1","method":"POST","path":"/api/v1/auth/login","body":{}}
2025-07-19T02:16:53.389Z [warn]: LOGIN_FAILURE {"service":"d4-media-security","ip":"::1","email":"admin@d4media.com","statusCode":401}
2025-07-19T02:23:39.271Z [info]: ADMIN_ACTION {"service":"d4-media-security","userId":"unauthenticated","ip":"::1","method":"POST","path":"/api/v1/auth/login","body":{}}
2025-07-19T02:23:39.376Z [warn]: LOGIN_FAILURE {"service":"d4-media-security","ip":"::1","email":"admin@d4media.com","statusCode":401}
2025-07-19T02:23:43.008Z [info]: ADMIN_ACTION {"service":"d4-media-security","userId":"unauthenticated","ip":"::1","method":"POST","path":"/api/v1/auth/login","body":{}}
2025-07-19T02:23:43.092Z [warn]: LOGIN_FAILURE {"service":"d4-media-security","ip":"::1","email":"admin@d4media.com","statusCode":401}
2025-07-19T02:27:19.679Z [info]: ADMIN_ACTION {"service":"d4-media-security","userId":"unauthenticated","ip":"::1","method":"POST","path":"/api/v1/auth/login","body":{}}
2025-07-19T02:27:19.741Z [warn]: LOGIN_FAILURE {"service":"d4-media-security","ip":"::1","email":"admin@d4media.com","statusCode":401}
2025-07-19T02:27:44.924Z [info]: ADMIN_ACTION {"service":"d4-media-security","userId":"unauthenticated","ip":"::1","method":"POST","path":"/api/v1/auth/login","body":{}}
2025-07-19T02:27:45.014Z [warn]: LOGIN_FAILURE {"service":"d4-media-security","ip":"::1","email":"admin@d4media.com","statusCode":401}
2025-07-19T02:30:06.822Z [info]: ADMIN_ACTION {"service":"d4-media-security","userId":"unauthenticated","ip":"::1","method":"POST","path":"/api/v1/auth/login","body":{}}
2025-07-19T02:30:06.900Z [warn]: LOGIN_FAILURE {"service":"d4-media-security","ip":"::1","email":"admin@d4media.com","statusCode":401}
2025-07-19T02:30:47.206Z [info]: ADMIN_ACTION {"service":"d4-media-security","userId":"unauthenticated","ip":"::1","method":"POST","path":"/api/v1/auth/login","body":{}}
2025-07-19T02:30:47.300Z [warn]: LOGIN_FAILURE {"service":"d4-media-security","ip":"::1","email":"admin@d4media.com","statusCode":401}
2025-07-19T02:30:50.072Z [info]: ADMIN_ACTION {"service":"d4-media-security","userId":"unauthenticated","ip":"::1","method":"POST","path":"/api/v1/auth/login","body":{}}
2025-07-19T02:30:50.153Z [warn]: LOGIN_FAILURE {"service":"d4-media-security","ip":"::1","email":"admin@d4media.com","statusCode":401}
2025-07-19T02:31:19.947Z [info]: ADMIN_ACTION {"service":"d4-media-security","userId":"unauthenticated","ip":"::1","method":"POST","path":"/api/v1/auth/login","body":{}}
2025-07-19T02:31:20.012Z [warn]: LOGIN_FAILURE {"service":"d4-media-security","ip":"::1","email":"admin@d4media.com","statusCode":401}
2025-07-19T02:33:26.407Z [info]: ADMIN_ACTION {"service":"d4-media-security","userId":"unauthenticated","ip":"::1","method":"POST","path":"/api/v1/auth/register","body":{}}
2025-07-19T02:33:41.912Z [info]: ADMIN_ACTION {"service":"d4-media-security","userId":"unauthenticated","ip":"::1","method":"POST","path":"/api/v1/auth/login","body":{}}
2025-07-19T02:33:42.001Z [warn]: LOGIN_FAILURE {"service":"d4-media-security","ip":"::1","email":"admin@d4media.com","statusCode":401}
2025-07-19T02:33:44.620Z [info]: ADMIN_ACTION {"service":"d4-media-security","userId":"unauthenticated","ip":"::1","method":"POST","path":"/api/v1/auth/login","body":{}}
2025-07-19T02:33:44.699Z [warn]: LOGIN_FAILURE {"service":"d4-media-security","ip":"::1","email":"admin@d4media.com","statusCode":401}
2025-07-19T02:33:47.444Z [info]: ADMIN_ACTION {"service":"d4-media-security","userId":"unauthenticated","ip":"::1","method":"POST","path":"/api/v1/auth/register","body":{}}
2025-07-19T02:33:57.629Z [info]: ADMIN_ACTION {"service":"d4-media-security","userId":"unauthenticated","ip":"::1","method":"POST","path":"/api/v1/auth/login","body":{}}
2025-07-19T02:34:07.894Z [info]: ADMIN_ACTION {"service":"d4-media-security","userId":"unauthenticated","ip":"::1","method":"POST","path":"/api/v1/auth/login","body":{}}
2025-07-19T02:34:07.980Z [warn]: LOGIN_FAILURE {"service":"d4-media-security","ip":"::1","email":"admin@d4media.com","statusCode":401}
2025-07-19T02:34:14.197Z [info]: ADMIN_ACTION {"service":"d4-media-security","userId":"unauthenticated","ip":"::1","method":"POST","path":"/api/v1/auth/login","body":{}}
2025-07-19T02:34:14.286Z [warn]: LOGIN_FAILURE {"service":"d4-media-security","ip":"::1","email":"admin@d4media.com","statusCode":401}
2025-07-19T02:34:17.947Z [info]: ADMIN_ACTION {"service":"d4-media-security","userId":"unauthenticated","ip":"::1","method":"POST","path":"/api/v1/auth/login","body":{}}
2025-07-19T02:34:18.013Z [warn]: LOGIN_FAILURE {"service":"d4-media-security","ip":"::1","email":"admin@d4media.com","statusCode":401}
2025-07-19T02:34:21.500Z [info]: ADMIN_ACTION {"service":"d4-media-security","userId":"unauthenticated","ip":"::1","method":"POST","path":"/api/v1/auth/login","body":{}}
2025-07-19T02:34:21.576Z [warn]: LOGIN_FAILURE {"service":"d4-media-security","ip":"::1","email":"admin@gmail.com","statusCode":401}
2025-07-19T02:34:27.282Z [info]: ADMIN_ACTION {"service":"d4-media-security","userId":"unauthenticated","ip":"::1","method":"POST","path":"/api/v1/auth/login","body":{}}
2025-07-19T02:34:27.359Z [warn]: LOGIN_FAILURE {"service":"d4-media-security","ip":"::1","email":"admin@d4media.com","statusCode":401}
2025-07-19T02:36:10.492Z [info]: ADMIN_ACTION {"service":"d4-media-security","userId":"unauthenticated","ip":"::1","method":"POST","path":"/api/v1/auth/login","body":{}}
2025-07-19T02:36:10.566Z [warn]: LOGIN_FAILURE {"service":"d4-media-security","ip":"::1","email":"admin@d4media.com","statusCode":401}
2025-07-19T02:38:47.231Z [info]: ADMIN_ACTION {"service":"d4-media-security","userId":"unauthenticated","ip":"::1","method":"POST","path":"/api/v1/auth/login","body":{}}
2025-07-19T02:38:47.307Z [warn]: LOGIN_FAILURE {"service":"d4-media-security","ip":"::1","email":"admin@d4media.com","statusCode":401}
2025-07-19T02:38:48.111Z [info]: ADMIN_ACTION {"service":"d4-media-security","userId":"unauthenticated","ip":"::1","method":"POST","path":"/api/v1/auth/login","body":{}}
2025-07-19T02:38:48.178Z [warn]: LOGIN_FAILURE {"service":"d4-media-security","ip":"::1","email":"admin@d4media.com","statusCode":401}
2025-07-19T02:47:50.380Z [info]: ADMIN_ACTION {"service":"d4-media-security","userId":"unauthenticated","ip":"::1","method":"POST","path":"/api/v1/auth/login","body":{}}
2025-07-19T02:47:50.443Z [warn]: LOGIN_FAILURE {"service":"d4-media-security","ip":"::1","email":"admin@d4media.com","statusCode":401}
2025-07-19T02:53:25.094Z [info]: ADMIN_ACTION {"service":"d4-media-security","userId":"unauthenticated","ip":"::1","method":"POST","path":"/api/v1/auth/login","body":{}}
2025-07-19T02:53:25.179Z [warn]: LOGIN_FAILURE {"service":"d4-media-security","ip":"::1","email":"admin@d4media.com","statusCode":401}
2025-07-19T02:53:29.270Z [info]: ADMIN_ACTION {"service":"d4-media-security","userId":"unauthenticated","ip":"::1","method":"POST","path":"/api/v1/auth/login","body":{}}
2025-07-19T02:53:29.342Z [warn]: LOGIN_FAILURE {"service":"d4-media-security","ip":"::1","email":"admin@d4media.com","statusCode":401}
2025-07-19T02:55:25.388Z [info]: ADMIN_ACTION {"service":"d4-media-security","userId":"unauthenticated","ip":"::1","method":"POST","path":"/api/v1/auth/login","body":{}}
2025-07-19T02:55:25.468Z [warn]: LOGIN_FAILURE {"service":"d4-media-security","ip":"::1","email":"admin@d4media.com","statusCode":401}
2025-07-19T02:55:28.300Z [info]: ADMIN_ACTION {"service":"d4-media-security","userId":"unauthenticated","ip":"::1","method":"POST","path":"/api/v1/auth/login","body":{}}
2025-07-19T02:55:28.383Z [warn]: LOGIN_FAILURE {"service":"d4-media-security","ip":"::1","email":"admin@d4media.com","statusCode":401}
2025-07-19T02:55:40.618Z [info]: ADMIN_ACTION {"service":"d4-media-security","userId":"unauthenticated","ip":"::1","method":"POST","path":"/api/v1/auth/login","body":{}}
2025-07-19T02:55:40.697Z [warn]: LOGIN_FAILURE {"service":"d4-media-security","ip":"::1","email":"admin@d4media.com","statusCode":401}
2025-07-19T02:57:44.305Z [info]: ADMIN_ACTION {"service":"d4-media-security","userId":"unauthenticated","ip":"::1","method":"POST","path":"/api/v1/auth/login","body":{}}
2025-07-19T02:57:44.386Z [warn]: LOGIN_FAILURE {"service":"d4-media-security","ip":"::1","email":"admin@d4media.com","statusCode":401}
2025-07-19T03:14:39.003Z [info]: ADMIN_ACTION {"service":"d4-media-security","userId":"unauthenticated","ip":"::1","method":"POST","path":"/api/v1/auth/login","body":{}}
2025-07-19T03:14:47.871Z [info]: ADMIN_ACTION {"service":"d4-media-security","userId":"unauthenticated","ip":"::1","method":"POST","path":"/api/v1/auth/login","body":{}}
2025-07-19T03:14:47.949Z [warn]: LOGIN_FAILURE {"service":"d4-media-security","ip":"::1","email":"admin@d4media.com","statusCode":401}
2025-07-19T03:16:10.099Z [info]: ADMIN_ACTION {"service":"d4-media-security","userId":"unauthenticated","ip":"::1","method":"POST","path":"/api/v1/auth/login","body":{}}
2025-07-19T03:16:10.951Z [warn]: LOGIN_FAILURE {"service":"d4-media-security","ip":"::1","email":"admin@d4media.com","statusCode":401}
2025-07-19T03:16:20.463Z [info]: ADMIN_ACTION {"service":"d4-media-security","userId":"unauthenticated","ip":"::1","method":"POST","path":"/api/v1/auth/login","body":{}}
2025-07-19T03:16:20.785Z [warn]: LOGIN_FAILURE {"service":"d4-media-security","ip":"::1","email":"admin@d4media.com","statusCode":401}
2025-07-19T03:16:25.562Z [info]: ADMIN_ACTION {"service":"d4-media-security","userId":"unauthenticated","ip":"::1","method":"POST","path":"/api/v1/auth/login","body":{}}
2025-07-19T03:30:21.402Z [info]: ADMIN_ACTION {"service":"d4-media-security","userId":"unauthenticated","ip":"::1","method":"POST","path":"/api/v1/auth/register","body":{}}
2025-07-19T03:30:27.978Z [info]: ADMIN_ACTION {"service":"d4-media-security","userId":"unauthenticated","ip":"::1","method":"POST","path":"/api/v1/auth/login","body":{}}
2025-07-19T03:30:28.050Z [warn]: LOGIN_FAILURE {"service":"d4-media-security","ip":"::1","email":"admin@d4media.com","statusCode":401}
2025-07-19T03:30:38.914Z [info]: ADMIN_ACTION {"service":"d4-media-security","userId":"unauthenticated","ip":"::1","method":"POST","path":"/api/v1/auth/login","body":{}}
2025-07-19T03:31:14.447Z [info]: ADMIN_ACTION {"service":"d4-media-security","userId":"unauthenticated","ip":"::1","method":"POST","path":"/api/v1/auth/login","body":{}}
2025-07-19T03:36:30.055Z [info]: ADMIN_ACTION {"service":"d4-media-security","userId":"unauthenticated","ip":"::1","method":"POST","path":"/api/v1/auth/register","body":{}}
2025-07-19T03:36:56.844Z [info]: ADMIN_ACTION {"service":"d4-media-security","userId":"unauthenticated","ip":"::1","method":"POST","path":"/api/v1/auth/register","body":{}}
2025-07-19T03:37:04.983Z [info]: ADMIN_ACTION {"service":"d4-media-security","userId":"unauthenticated","ip":"::1","method":"POST","path":"/api/v1/auth/login","body":{}}
2025-07-19T03:37:43.933Z [info]: ADMIN_ACTION {"service":"d4-media-security","userId":"unauthenticated","ip":"::1","method":"POST","path":"/api/v1/auth/register","body":{}}
2025-07-19T03:59:47.987Z [info]: ADMIN_ACTION {"service":"d4-media-security","userId":"unauthenticated","ip":"::1","method":"POST","path":"/api/v1/auth/login","body":{}}
2025-07-19T04:10:22.548Z [info]: ADMIN_ACTION {"service":"d4-media-security","userId":"unauthenticated","ip":"::1","method":"POST","path":"/api/v1/auth/login","body":{}}
2025-07-19T04:24:08.642Z [info]: ADMIN_ACTION {"service":"d4-media-security","userId":"unauthenticated","ip":"::1","method":"POST","path":"/api/v1/auth/login","body":{}}
2025-07-19T04:34:14.736Z [info]: ADMIN_ACTION {"service":"d4-media-security","userId":"unauthenticated","ip":"::1","method":"POST","path":"/api/v1/auth/login","body":{}}
2025-07-19T05:03:25.719Z [info]: ADMIN_ACTION {"service":"d4-media-security","userId":"unauthenticated","ip":"::1","method":"POST","path":"/api/v1/auth/login","body":{}}
2025-07-19T05:03:54.274Z [info]: ADMIN_ACTION {"service":"d4-media-security","userId":"unauthenticated","ip":"::1","method":"POST","path":"/api/v1/auth/login","body":{}}
2025-07-19T05:23:58.368Z [info]: ADMIN_ACTION {"service":"d4-media-security","userId":"unauthenticated","ip":"::1","method":"POST","path":"/api/v1/auth/login","body":{}}
2025-07-19T06:17:49.383Z [info]: ADMIN_ACTION {"service":"d4-media-security","userId":"unauthenticated","ip":"::1","method":"POST","path":"/api/v1/auth/login","body":{}}
2025-07-19T06:18:56.269Z [info]: ADMIN_ACTION {"service":"d4-media-security","userId":"unauthenticated","ip":"::1","method":"POST","path":"/api/v1/auth/login","body":{}}
2025-07-19T06:22:11.965Z [info]: ADMIN_ACTION {"service":"d4-media-security","userId":"unauthenticated","ip":"::1","method":"POST","path":"/api/v1/auth/login","body":{}}
2025-07-19T06:35:17.920Z [info]: ADMIN_ACTION {"service":"d4-media-security","userId":"unauthenticated","ip":"::1","method":"POST","path":"/api/v1/auth/login","body":{}}
2025-07-19T06:39:20.474Z [info]: ADMIN_ACTION {"service":"d4-media-security","userId":"unauthenticated","ip":"::1","method":"POST","path":"/api/v1/auth/login","body":{}}
2025-07-19T06:39:31.678Z [info]: ADMIN_ACTION {"service":"d4-media-security","userId":"unauthenticated","ip":"::1","method":"POST","path":"/api/v1/auth/login","body":{}}
2025-07-19T06:40:12.797Z [info]: ADMIN_ACTION {"service":"d4-media-security","userId":"unauthenticated","ip":"::1","method":"POST","path":"/api/v1/auth/login","body":{}}
2025-07-19T07:08:33.496Z [info]: ADMIN_ACTION {"service":"d4-media-security","userId":"unauthenticated","ip":"::1","method":"POST","path":"/api/v1/auth/login","body":{}}
2025-07-19T07:09:06.260Z [info]: ADMIN_ACTION {"service":"d4-media-security","userId":"unauthenticated","ip":"::1","method":"POST","path":"/api/v1/auth/login","body":{}}
2025-07-19T07:09:33.614Z [info]: ADMIN_ACTION {"service":"d4-media-security","userId":"unauthenticated","ip":"::1","method":"POST","path":"/api/v1/auth/login","body":{}}
2025-07-19T07:10:15.638Z [error]: SERVER_ERROR {"service":"d4-media-security","userId":"unauthenticated","ip":"::1","method":"POST","path":"/api/v1/rentals","statusCode":500}
2025-07-19T07:10:26.759Z [error]: SERVER_ERROR {"service":"d4-media-security","userId":"unauthenticated","ip":"::1","method":"POST","path":"/api/v1/rentals","statusCode":500}
2025-07-19T07:11:15.581Z [info]: ADMIN_ACTION {"service":"d4-media-security","userId":"unauthenticated","ip":"::1","method":"POST","path":"/api/v1/auth/login","body":{}}
2025-07-19T07:29:48.338Z [info]: ADMIN_ACTION {"service":"d4-media-security","userId":"unauthenticated","ip":"::1","method":"POST","path":"/api/v1/users","body":{}}
2025-07-19T07:30:03.354Z [info]: ADMIN_ACTION {"service":"d4-media-security","userId":"unauthenticated","ip":"::1","method":"POST","path":"/api/v1/auth/login","body":{}}
2025-07-19T07:30:35.246Z [info]: ADMIN_ACTION {"service":"d4-media-security","userId":"unauthenticated","ip":"::1","method":"POST","path":"/api/v1/users","body":{}}
2025-07-19T07:53:29.715Z [info]: ADMIN_ACTION {"service":"d4-media-security","userId":"unauthenticated","ip":"::1","method":"POST","path":"/api/v1/auth/login","body":{}}
2025-07-19T07:54:22.660Z [error]: SERVER_ERROR {"service":"d4-media-security","userId":"unauthenticated","ip":"::1","method":"PUT","path":"/api/v1/rentals/rental1/return/507f1f77bcf86cd799439011","statusCode":500}
2025-07-19T07:54:29.883Z [error]: SERVER_ERROR {"service":"d4-media-security","userId":"unauthenticated","ip":"::1","method":"PUT","path":"/api/v1/rentals/rental1/return/507f1f77bcf86cd799439011","statusCode":500}
2025-07-19T07:54:36.522Z [error]: SERVER_ERROR {"service":"d4-media-security","userId":"unauthenticated","ip":"::1","method":"PUT","path":"/api/v1/rentals/rental1/return/507f1f77bcf86cd799439011","statusCode":500}
2025-07-19T07:56:39.075Z [info]: ADMIN_ACTION {"service":"d4-media-security","userId":"unauthenticated","ip":"::1","method":"POST","path":"/api/v1/auth/login","body":{}}
2025-07-19T08:03:08.772Z [info]: ADMIN_ACTION {"service":"d4-media-security","userId":"unauthenticated","ip":"::1","method":"POST","path":"/api/v1/auth/login","body":{}}
2025-07-19T08:07:52.918Z [info]: ADMIN_ACTION {"service":"d4-media-security","userId":"unauthenticated","ip":"::1","method":"POST","path":"/api/v1/auth/login","body":{}}
2025-07-19T08:16:24.361Z [info]: ADMIN_ACTION {"service":"d4-media-security","userId":"unauthenticated","ip":"::1","method":"POST","path":"/api/v1/auth/login","body":{}}
2025-07-19T08:16:45.560Z [info]: ADMIN_ACTION {"service":"d4-media-security","userId":"unauthenticated","ip":"::1","method":"POST","path":"/api/v1/auth/login","body":{}}
2025-07-19T08:25:06.047Z [info]: ADMIN_ACTION {"service":"d4-media-security","userId":"unauthenticated","ip":"::1","method":"POST","path":"/api/v1/auth/login","body":{}}
2025-07-19T08:25:06.147Z [warn]: LOGIN_FAILURE {"service":"d4-media-security","ip":"::1","email":"simple@test.com","statusCode":401}
2025-07-19T08:25:07.375Z [info]: ADMIN_ACTION {"service":"d4-media-security","userId":"unauthenticated","ip":"::1","method":"POST","path":"/api/v1/auth/login","body":{}}
2025-07-19T08:25:07.452Z [warn]: LOGIN_FAILURE {"service":"d4-media-security","ip":"::1","email":"simple@test.com","statusCode":401}
2025-07-19T08:25:08.257Z [info]: ADMIN_ACTION {"service":"d4-media-security","userId":"unauthenticated","ip":"::1","method":"POST","path":"/api/v1/auth/login","body":{}}
2025-07-19T08:25:08.335Z [warn]: LOGIN_FAILURE {"service":"d4-media-security","ip":"::1","email":"simple@test.com","statusCode":401}
2025-07-19T08:25:08.965Z [info]: ADMIN_ACTION {"service":"d4-media-security","userId":"unauthenticated","ip":"::1","method":"POST","path":"/api/v1/auth/login","body":{}}
2025-07-19T08:25:09.052Z [warn]: LOGIN_FAILURE {"service":"d4-media-security","ip":"::1","email":"simple@test.com","statusCode":401}
2025-07-19T09:46:26.523Z [info]: ADMIN_ACTION {"service":"d4-media-security","userId":"unauthenticated","ip":"::1","method":"POST","path":"/api/v1/auth/login","body":{}}
2025-07-19T09:46:26.623Z [warn]: LOGIN_FAILURE {"service":"d4-media-security","ip":"::1","email":"simple@test.com","statusCode":401}
2025-07-19T09:46:29.935Z [info]: ADMIN_ACTION {"service":"d4-media-security","userId":"unauthenticated","ip":"::1","method":"POST","path":"/api/v1/auth/login","body":{}}
2025-07-19T09:59:23.731Z [info]: ADMIN_ACTION {"service":"d4-media-security","userId":"unauthenticated","ip":"::1","method":"POST","path":"/api/v1/auth/login","body":{}}
2025-07-19T10:00:07.083Z [info]: ADMIN_ACTION {"service":"d4-media-security","userId":"unauthenticated","ip":"::1","method":"PUT","path":"/api/v1/users/687b67595c88406259e20c65","body":{}}
2025-07-19T10:11:29.717Z [info]: ADMIN_ACTION {"service":"d4-media-security","userId":"unauthenticated","ip":"::1","method":"POST","path":"/api/v1/auth/login","body":{}}
2025-07-19T10:11:45.023Z [info]: ADMIN_ACTION {"service":"d4-media-security","userId":"unauthenticated","ip":"::1","method":"PUT","path":"/api/v1/users/687b67595c88406259e20c65/reset-password","body":{}}
2025-07-19T10:11:45.642Z [error]: SERVER_ERROR {"service":"d4-media-security","userId":"unauthenticated","ip":"::1","method":"PUT","path":"/api/v1/users/687b67595c88406259e20c65/reset-password","statusCode":500}
2025-07-19T10:16:14.443Z [info]: PASSWORD_RESET {"service":"d4-media-security","test":true}
2025-07-19T10:17:48.953Z [info]: ADMIN_ACTION {"service":"d4-media-security","userId":"unauthenticated","ip":"::1","method":"POST","path":"/api/v1/auth/login","body":{}}
2025-07-19T10:17:57.353Z [info]: ADMIN_ACTION {"service":"d4-media-security","userId":"unauthenticated","ip":"::1","method":"PUT","path":"/api/v1/users/687b67595c88406259e20c65/reset-password","body":{}}
Sat Jul 19 2025 15:47:57 GMT+0530 (India Standard Time) [info]: PASSWORD_RESET {"service":"d4-media-security","targetUserId":"687b67595c88406259e20c65","targetUserEmail":"sarah@d4media.com","adminUserId":"687b67595c88406259e20c5d","adminUserEmail":"admin@d4media.com","ip":"::1","userAgent":"Mozilla/5.0 (Macintosh; Intel Mac OS X 10_15_7) AppleWebKit/537.36 (KHTML, like Gecko) Chrome/138.0.0.0 Safari/537.36"}
2025-07-19T10:22:26.936Z [info]: ADMIN_ACTION {"service":"d4-media-security","userId":"unauthenticated","ip":"::1","method":"POST","path":"/api/v1/auth/login","body":{}}
2025-07-19T10:24:03.541Z [info]: ADMIN_ACTION {"service":"d4-media-security","userId":"unauthenticated","ip":"::1","method":"PUT","path":"/api/v1/users/687b67595c88406259e20c65/reset-password","body":{}}
Sat Jul 19 2025 15:54:04 GMT+0530 (India Standard Time) [info]: PASSWORD_RESET {"service":"d4-media-security","targetUserId":"687b67595c88406259e20c65","targetUserEmail":"sarah@d4media.com","adminUserId":"687b67595c88406259e20c5d","adminUserEmail":"admin@d4media.com","ip":"::1","userAgent":"Mozilla/5.0 (Macintosh; Intel Mac OS X 10_15_7) AppleWebKit/537.36 (KHTML, like Gecko) Chrome/138.0.0.0 Safari/537.36"}
2025-07-19T10:29:16.839Z [info]: ADMIN_ACTION {"service":"d4-media-security","userId":"unauthenticated","ip":"::1","method":"POST","path":"/api/v1/auth/login","body":{}}
2025-07-19T10:29:16.931Z [warn]: LOGIN_FAILURE {"service":"d4-media-security","ip":"::1","email":"admin@gmail.com","statusCode":401}
2025-07-19T10:29:17.851Z [info]: ADMIN_ACTION {"service":"d4-media-security","userId":"unauthenticated","ip":"::1","method":"POST","path":"/api/v1/auth/login","body":{}}
2025-07-19T10:29:17.942Z [warn]: LOGIN_FAILURE {"service":"d4-media-security","ip":"::1","email":"admin@gmail.com","statusCode":401}
2025-07-19T10:29:24.454Z [info]: ADMIN_ACTION {"service":"d4-media-security","userId":"unauthenticated","ip":"::1","method":"POST","path":"/api/v1/auth/login","body":{}}
2025-07-19T10:29:24.549Z [warn]: LOGIN_FAILURE {"service":"d4-media-security","ip":"::1","email":"admin@gmail.com","statusCode":401}
2025-07-19T10:29:43.527Z [info]: ADMIN_ACTION {"service":"d4-media-security","userId":"unauthenticated","ip":"::1","method":"POST","path":"/api/v1/auth/login","body":{}}
2025-07-19T10:29:54.322Z [info]: ADMIN_ACTION {"service":"d4-media-security","userId":"unauthenticated","ip":"::1","method":"PUT","path":"/api/v1/users/687b67595c88406259e20c65/reset-password","body":{}}
Sat Jul 19 2025 15:59:54 GMT+0530 (India Standard Time) [info]: PASSWORD_RESET {"service":"d4-media-security","targetUserId":"687b67595c88406259e20c65","targetUserEmail":"sarah@d4media.com","adminUserId":"687b67595c88406259e20c5d","adminUserEmail":"admin@d4media.com","ip":"::1","userAgent":"Mozilla/5.0 (Macintosh; Intel Mac OS X 10_15_7) AppleWebKit/537.36 (KHTML, like Gecko) Chrome/138.0.0.0 Safari/537.36"}
2025-07-19T10:32:40.406Z [info]: ADMIN_ACTION {"service":"d4-media-security","userId":"unauthenticated","ip":"::1","method":"POST","path":"/api/v1/auth/login","body":{}}
2025-07-19T10:33:21.837Z [info]: ADMIN_ACTION {"service":"d4-media-security","userId":"unauthenticated","ip":"::1","method":"POST","path":"/api/v1/auth/login","body":{}}
2025-07-19T10:56:57.231Z [info]: ADMIN_ACTION {"service":"d4-media-security","userId":"unauthenticated","ip":"::1","method":"POST","path":"/api/v1/auth/login","body":{}}
2025-07-19T11:01:49.807Z [info]: ADMIN_ACTION {"service":"d4-media-security","userId":"unauthenticated","ip":"::1","method":"POST","path":"/api/v1/auth/login","body":{}}
2025-07-19T11:04:16.190Z [info]: ADMIN_ACTION {"service":"d4-media-security","userId":"unauthenticated","ip":"::1","method":"POST","path":"/api/v1/auth/login","body":{}}
2025-07-19T11:04:31.146Z [info]: ADMIN_ACTION {"service":"d4-media-security","userId":"unauthenticated","ip":"::1","method":"POST","path":"/api/v1/auth/login","body":{}}
2025-07-19T11:07:18.997Z [info]: ADMIN_ACTION {"service":"d4-media-security","userId":"unauthenticated","ip":"::1","method":"POST","path":"/api/v1/auth/login","body":{}}
2025-07-19T11:12:20.874Z [info]: ADMIN_ACTION {"service":"d4-media-security","userId":"unauthenticated","ip":"::1","method":"POST","path":"/api/v1/auth/login","body":{}}
2025-07-19T13:47:04.032Z [info]: ADMIN_ACTION {"service":"d4-media-security","userId":"unauthenticated","ip":"::1","method":"POST","path":"/api/v1/auth/login","body":{}}
2025-07-19T13:54:21.832Z [info]: ADMIN_ACTION {"service":"d4-media-security","userId":"unauthenticated","ip":"::1","method":"POST","path":"/api/v1/auth/login","body":{}}
2025-07-19T13:55:53.153Z [info]: ADMIN_ACTION {"service":"d4-media-security","userId":"unauthenticated","ip":"::1","method":"POST","path":"/api/v1/auth/login","body":{}}
2025-07-19T13:56:11.155Z [info]: ADMIN_ACTION {"service":"d4-media-security","userId":"unauthenticated","ip":"::1","method":"POST","path":"/api/v1/auth/login","body":{}}
2025-07-19T14:00:49.892Z [info]: ADMIN_ACTION {"service":"d4-media-security","userId":"unauthenticated","ip":"::1","method":"POST","path":"/api/v1/auth/login","body":{}}
2025-07-19T14:03:18.368Z [error]: SERVER_ERROR {"service":"d4-media-security","userId":"unauthenticated","ip":"::1","method":"GET","path":"/api/v1/invoices/create","statusCode":500}
2025-07-19T14:05:01.407Z [info]: ADMIN_ACTION {"service":"d4-media-security","userId":"unauthenticated","ip":"::1","method":"POST","path":"/api/v1/auth/login","body":{}}
2025-07-19T14:05:35.934Z [info]: ADMIN_ACTION {"service":"d4-media-security","userId":"unauthenticated","ip":"::1","method":"POST","path":"/api/v1/auth/login","body":{}}
2025-07-19T14:06:39.283Z [error]: SERVER_ERROR {"service":"d4-media-security","userId":"unauthenticated","ip":"::1","method":"GET","path":"/api/v1/invoices/create","statusCode":500}
2025-07-19T14:14:14.328Z [info]: ADMIN_ACTION {"service":"d4-media-security","userId":"unauthenticated","ip":"::1","method":"POST","path":"/api/v1/auth/login","body":{}}
2025-07-19T14:14:59.116Z [error]: SERVER_ERROR {"service":"d4-media-security","userId":"unauthenticated","ip":"::1","method":"GET","path":"/api/v1/invoices/create","statusCode":500}
2025-07-19T14:17:07.118Z [error]: SERVER_ERROR {"service":"d4-media-security","userId":"unauthenticated","ip":"::1","method":"GET","path":"/api/v1/invoices/create","statusCode":500}
2025-07-19T14:21:12.961Z [info]: ADMIN_ACTION {"service":"d4-media-security","userId":"unauthenticated","ip":"::1","method":"POST","path":"/api/v1/auth/login","body":{}}
2025-07-19T14:21:17.888Z [error]: SERVER_ERROR {"service":"d4-media-security","userId":"unauthenticated","ip":"::1","method":"GET","path":"/api/v1/invoices/create","statusCode":500}
2025-07-19T14:21:26.637Z [error]: SERVER_ERROR {"service":"d4-media-security","userId":"unauthenticated","ip":"::1","method":"GET","path":"/api/v1/invoices/create","statusCode":500}
2025-07-19T14:21:35.198Z [error]: SERVER_ERROR {"service":"d4-media-security","userId":"unauthenticated","ip":"::1","method":"GET","path":"/api/v1/invoices/create","statusCode":500}
2025-07-19T15:08:41.422Z [info]: ADMIN_ACTION {"service":"d4-media-security","userId":"unauthenticated","ip":"::1","method":"POST","path":"/api/v1/auth/login","body":{}}
2025-07-19T15:10:08.013Z [error]: SERVER_ERROR {"service":"d4-media-security","userId":"unauthenticated","ip":"::1","method":"POST","path":"/api/v1/invoices/rental","statusCode":500}
2025-07-19T15:10:12.506Z [error]: SERVER_ERROR {"service":"d4-media-security","userId":"unauthenticated","ip":"::1","method":"POST","path":"/api/v1/invoices/rental","statusCode":500}
2025-07-19T15:10:36.477Z [error]: SERVER_ERROR {"service":"d4-media-security","userId":"unauthenticated","ip":"::1","method":"POST","path":"/api/v1/invoices/rental","statusCode":500}
2025-07-19T15:11:07.513Z [error]: SERVER_ERROR {"service":"d4-media-security","userId":"unauthenticated","ip":"::1","method":"POST","path":"/api/v1/invoices/rental","statusCode":500}
2025-07-19T15:11:09.982Z [error]: SERVER_ERROR {"service":"d4-media-security","userId":"unauthenticated","ip":"::1","method":"POST","path":"/api/v1/invoices/rental","statusCode":500}
2025-07-19T15:11:14.625Z [error]: SERVER_ERROR {"service":"d4-media-security","userId":"unauthenticated","ip":"::1","method":"POST","path":"/api/v1/invoices/rental","statusCode":500}
2025-07-19T15:12:32.974Z [info]: ADMIN_ACTION {"service":"d4-media-security","userId":"unauthenticated","ip":"::1","method":"POST","path":"/api/v1/auth/login","body":{}}
2025-07-19T15:12:36.910Z [error]: SERVER_ERROR {"service":"d4-media-security","userId":"unauthenticated","ip":"::1","method":"POST","path":"/api/v1/invoices/rental","statusCode":500}
2025-07-19T15:12:42.565Z [error]: SERVER_ERROR {"service":"d4-media-security","userId":"unauthenticated","ip":"::1","method":"POST","path":"/api/v1/invoices/event-booking","statusCode":500}
2025-07-19T15:12:44.994Z [error]: SERVER_ERROR {"service":"d4-media-security","userId":"unauthenticated","ip":"::1","method":"POST","path":"/api/v1/invoices/event-booking","statusCode":500}
2025-07-19T15:22:09.299Z [info]: ADMIN_ACTION {"service":"d4-media-security","userId":"unauthenticated","ip":"::1","method":"POST","path":"/api/v1/auth/login","body":{}}
2025-07-19T15:22:15.051Z [error]: SERVER_ERROR {"service":"d4-media-security","userId":"unauthenticated","ip":"::1","method":"POST","path":"/api/v1/invoices/rental","statusCode":500}
2025-07-19T15:22:19.271Z [error]: SERVER_ERROR {"service":"d4-media-security","userId":"unauthenticated","ip":"::1","method":"POST","path":"/api/v1/invoices/rental","statusCode":500}
2025-07-19T15:22:21.347Z [error]: SERVER_ERROR {"service":"d4-media-security","userId":"unauthenticated","ip":"::1","method":"POST","path":"/api/v1/invoices/rental","statusCode":500}
2025-07-19T15:22:41.637Z [error]: SERVER_ERROR {"service":"d4-media-security","userId":"unauthenticated","ip":"::1","method":"POST","path":"/api/v1/invoices/event-booking","statusCode":500}
2025-07-19T15:22:51.629Z [error]: SERVER_ERROR {"service":"d4-media-security","userId":"unauthenticated","ip":"::1","method":"POST","path":"/api/v1/invoices/event-booking","statusCode":500}
2025-07-19T15:22:55.517Z [error]: SERVER_ERROR {"service":"d4-media-security","userId":"unauthenticated","ip":"::1","method":"POST","path":"/api/v1/invoices/event-booking","statusCode":500}
2025-07-19T15:35:05.750Z [info]: ADMIN_ACTION {"service":"d4-media-security","userId":"unauthenticated","ip":"::1","method":"POST","path":"/api/v1/auth/login","body":{}}
2025-07-19T15:36:04.643Z [error]: SERVER_ERROR {"service":"d4-media-security","userId":"unauthenticated","ip":"::1","method":"POST","path":"/api/v1/studio/bookings","statusCode":500}
2025-07-19T15:37:55.563Z [error]: SERVER_ERROR {"service":"d4-media-security","userId":"unauthenticated","ip":"::1","method":"POST","path":"/api/v1/studio/bookings","statusCode":500}
2025-07-19T15:43:10.342Z [info]: ADMIN_ACTION {"service":"d4-media-security","userId":"unauthenticated","ip":"::1","method":"POST","path":"/api/v1/auth/login","body":{}}
2025-07-19T15:57:17.900Z [info]: ADMIN_ACTION {"service":"d4-media-security","userId":"unauthenticated","ip":"::1","method":"POST","path":"/api/v1/auth/login","body":{}}
2025-07-19T15:57:44.958Z [error]: SERVER_ERROR {"service":"d4-media-security","userId":"unauthenticated","ip":"::1","method":"POST","path":"/api/v1/invoices/rental","statusCode":500}
2025-07-19T16:05:23.798Z [error]: SERVER_ERROR {"service":"d4-media-security","userId":"unauthenticated","ip":"::1","method":"DELETE","path":"/api/v1/events/current-0","statusCode":500}
2025-07-19T16:06:28.889Z [error]: SERVER_ERROR {"service":"d4-media-security","userId":"unauthenticated","ip":"::1","method":"POST","path":"/api/v1/invoices/rental","statusCode":500}
2025-07-19T16:09:52.052Z [info]: ADMIN_ACTION {"service":"d4-media-security","userId":"unauthenticated","ip":"::1","method":"POST","path":"/api/v1/auth/login","body":{}}
2025-07-19T16:10:15.168Z [info]: ADMIN_ACTION {"service":"d4-media-security","userId":"unauthenticated","ip":"::1","method":"POST","path":"/api/v1/auth/login","body":{}}
2025-07-19T16:10:30.669Z [info]: ADMIN_ACTION {"service":"d4-media-security","userId":"unauthenticated","ip":"::1","method":"POST","path":"/api/v1/auth/login","body":{}}
2025-07-19T16:25:14.454Z [info]: ADMIN_ACTION {"service":"d4-media-security","userId":"unauthenticated","ip":"::1","method":"POST","path":"/api/v1/auth/login","body":{}}
2025-07-19T16:26:39.919Z [info]: ADMIN_ACTION {"service":"d4-media-security","userId":"unauthenticated","ip":"::1","method":"POST","path":"/api/v1/auth/login","body":{}}
2025-07-19T16:30:16.740Z [info]: ADMIN_ACTION {"service":"d4-media-security","userId":"unauthenticated","ip":"::1","method":"POST","path":"/api/v1/auth/login","body":{}}
2025-07-19T23:06:22.548Z [info]: ADMIN_ACTION {"service":"d4-media-security","userId":"unauthenticated","ip":"::1","method":"POST","path":"/api/v1/auth/login","body":{}}
2025-07-19T23:07:44.438Z [info]: ADMIN_ACTION {"service":"d4-media-security","userId":"unauthenticated","ip":"::1","method":"POST","path":"/api/v1/auth/login","body":{}}
2025-07-19T23:07:51.426Z [error]: SERVER_ERROR {"service":"d4-media-security","userId":"unauthenticated","ip":"::1","method":"GET","path":"/api/v1/events/undefined","statusCode":500}
2025-07-19T23:13:33.321Z [info]: ADMIN_ACTION {"service":"d4-media-security","userId":"unauthenticated","ip":"::1","method":"POST","path":"/api/v1/auth/login","body":{}}
2025-07-19T23:13:42.167Z [info]: ADMIN_ACTION {"service":"d4-media-security","userId":"unauthenticated","ip":"::1","method":"POST","path":"/api/v1/auth/login","body":{}}
2025-07-19T23:13:51.506Z [error]: SERVER_ERROR {"service":"d4-media-security","userId":"unauthenticated","ip":"::1","method":"GET","path":"/api/v1/events/undefined","statusCode":500}
2025-07-19T23:19:54.811Z [info]: ADMIN_ACTION {"service":"d4-media-security","userId":"unauthenticated","ip":"::1","method":"POST","path":"/api/v1/auth/login","body":{}}
2025-07-19T23:20:06.360Z [info]: ADMIN_ACTION {"service":"d4-media-security","userId":"unauthenticated","ip":"::1","method":"POST","path":"/api/v1/auth/login","body":{}}
2025-07-19T23:20:34.558Z [info]: ADMIN_ACTION {"service":"d4-media-security","userId":"unauthenticated","ip":"::1","method":"POST","path":"/api/v1/auth/login","body":{}}
2025-07-19T23:21:07.823Z [info]: ADMIN_ACTION {"service":"d4-media-security","userId":"unauthenticated","ip":"::1","method":"POST","path":"/api/v1/auth/login","body":{}}
2025-07-19T23:27:35.507Z [info]: ADMIN_ACTION {"service":"d4-media-security","userId":"unauthenticated","ip":"::1","method":"POST","path":"/api/v1/auth/login","body":{}}
2025-07-19T23:27:44.497Z [info]: ADMIN_ACTION {"service":"d4-media-security","userId":"unauthenticated","ip":"::1","method":"POST","path":"/api/v1/auth/login","body":{}}
2025-07-19T23:28:08.254Z [info]: ADMIN_ACTION {"service":"d4-media-security","userId":"unauthenticated","ip":"::1","method":"POST","path":"/api/v1/auth/login","body":{}}
2025-07-19T23:28:37.608Z [info]: ADMIN_ACTION {"service":"d4-media-security","userId":"unauthenticated","ip":"::1","method":"POST","path":"/api/v1/auth/login","body":{}}
2025-07-19T23:30:57.401Z [info]: ADMIN_ACTION {"service":"d4-media-security","userId":"unauthenticated","ip":"::1","method":"POST","path":"/api/v1/auth/login","body":{}}
2025-07-19T23:33:05.242Z [info]: ADMIN_ACTION {"service":"d4-media-security","userId":"unauthenticated","ip":"::1","method":"POST","path":"/api/v1/auth/login","body":{}}
2025-07-19T23:40:17.138Z [info]: ADMIN_ACTION {"service":"d4-media-security","userId":"unauthenticated","ip":"::1","method":"POST","path":"/api/v1/auth/login","body":{}}
2025-07-19T23:41:25.857Z [info]: ADMIN_ACTION {"service":"d4-media-security","userId":"unauthenticated","ip":"::1","method":"POST","path":"/api/v1/auth/login","body":{}}
2025-07-19T23:41:35.111Z [info]: ADMIN_ACTION {"service":"d4-media-security","userId":"unauthenticated","ip":"::1","method":"POST","path":"/api/v1/auth/login","body":{}}
2025-07-19T23:41:50.444Z [info]: ADMIN_ACTION {"service":"d4-media-security","userId":"unauthenticated","ip":"::1","method":"POST","path":"/api/v1/auth/login","body":{}}
2025-07-19T23:41:58.111Z [info]: ADMIN_ACTION {"service":"d4-media-security","userId":"unauthenticated","ip":"::1","method":"POST","path":"/api/v1/auth/login","body":{}}
2025-07-19T23:47:38.461Z [info]: ADMIN_ACTION {"service":"d4-media-security","userId":"unauthenticated","ip":"::1","method":"POST","path":"/api/v1/auth/login","body":{}}
2025-07-19T23:59:04.898Z [error]: SERVER_ERROR {"service":"d4-media-security","userId":"unauthenticated","ip":"::1","method":"POST","path":"/api/v1/invoices","statusCode":500}
2025-07-20T00:49:40.736Z [info]: ADMIN_ACTION {"service":"d4-media-security","userId":"unauthenticated","ip":"::1","method":"POST","path":"/api/v1/auth/login","body":{}}
2025-07-20T01:16:35.546Z [info]: ADMIN_ACTION {"service":"d4-media-security","userId":"unauthenticated","ip":"::1","method":"POST","path":"/api/v1/auth/login","body":{}}
2025-07-20T16:56:01.555Z [info]: ADMIN_ACTION {"service":"d4-media-security","userId":"unauthenticated","ip":"::1","method":"POST","path":"/api/v1/auth/login","body":{}}
2025-07-20T16:58:46.819Z [info]: ADMIN_ACTION {"service":"d4-media-security","userId":"unauthenticated","ip":"::1","method":"POST","path":"/api/v1/auth/login","body":{}}
2025-07-20T17:20:00.453Z [info]: ADMIN_ACTION {"service":"d4-media-security","userId":"unauthenticated","ip":"::1","method":"POST","path":"/api/v1/auth/login","body":{}}
2025-07-20T17:20:53.537Z [info]: ADMIN_ACTION {"service":"d4-media-security","userId":"unauthenticated","ip":"::1","method":"PUT","path":"/api/v1/users/687bbb773e14489434d2599d","body":{}}
2025-07-20T17:22:13.520Z [info]: ADMIN_ACTION {"service":"d4-media-security","userId":"unauthenticated","ip":"::1","method":"POST","path":"/api/v1/users","body":{}}
2025-07-20T17:22:40.899Z [info]: ADMIN_ACTION {"service":"d4-media-security","userId":"unauthenticated","ip":"::1","method":"PUT","path":"/api/v1/users/687bbb773e14489434d2599d","body":{}}
2025-07-20T17:23:08.022Z [info]: ADMIN_ACTION {"service":"d4-media-security","userId":"unauthenticated","ip":"::1","method":"PUT","path":"/api/v1/users/687bbb773e14489434d2599d","body":{}}
2025-07-20T17:26:05.421Z [info]: ADMIN_ACTION {"service":"d4-media-security","userId":"unauthenticated","ip":"::1","method":"POST","path":"/api/v1/auth/login","body":{}}
2025-07-20T17:26:16.595Z [info]: ADMIN_ACTION {"service":"d4-media-security","userId":"unauthenticated","ip":"::1","method":"PUT","path":"/api/v1/users/687bbb773e14489434d2599d","body":{}}
2025-07-20T22:28:00.471Z [info]: ADMIN_ACTION {"service":"d4-media-security","userId":"unauthenticated","ip":"::1","method":"POST","path":"/api/v1/auth/login","body":{}}
2025-07-20T22:28:15.946Z [error]: SERVER_ERROR {"service":"d4-media-security","userId":"unauthenticated","ip":"::1","method":"POST","path":"/api/v1/invoices/687d20f0b44430eb6777b9b2/send","statusCode":500}
2025-07-20T22:28:24.009Z [error]: SERVER_ERROR {"service":"d4-media-security","userId":"unauthenticated","ip":"::1","method":"POST","path":"/api/v1/invoices/687d20f0b44430eb6777b9b2/send","statusCode":500}
2025-07-20T22:30:23.853Z [error]: SERVER_ERROR {"service":"d4-media-security","userId":"unauthenticated","ip":"::1","method":"POST","path":"/api/v1/quotations/687d6df70f89ca424ab270e8/send","statusCode":500}
2025-07-20T22:37:06.611Z [info]: ADMIN_ACTION {"service":"d4-media-security","userId":"unauthenticated","ip":"::1","method":"POST","path":"/api/v1/auth/login","body":{}}
2025-07-20T22:37:49.392Z [error]: SERVER_ERROR {"service":"d4-media-security","userId":"unauthenticated","ip":"::1","method":"POST","path":"/api/v1/invoices/687d20f0b44430eb6777b9b2/send","statusCode":500}
2025-07-20T22:38:15.149Z [info]: ADMIN_ACTION {"service":"d4-media-security","userId":"unauthenticated","ip":"::1","method":"POST","path":"/api/v1/auth/login","body":{}}
2025-07-20T22:38:22.973Z [error]: SERVER_ERROR {"service":"d4-media-security","userId":"unauthenticated","ip":"::1","method":"POST","path":"/api/v1/invoices/687d20f0b44430eb6777b9b2/send","statusCode":500}
2025-07-20T22:38:29.474Z [error]: SERVER_ERROR {"service":"d4-media-security","userId":"unauthenticated","ip":"::1","method":"POST","path":"/api/v1/invoices/687d20f0b44430eb6777b9b2/send","statusCode":500}
2025-07-20T22:39:54.220Z [error]: SERVER_ERROR {"service":"d4-media-security","userId":"unauthenticated","ip":"::1","method":"POST","path":"/api/v1/invoices/rental","statusCode":500}
2025-07-20T22:39:54.303Z [error]: SERVER_ERROR {"service":"d4-media-security","userId":"unauthenticated","ip":"::1","method":"POST","path":"/api/v1/invoices/rental","statusCode":500}
2025-07-20T22:53:27.058Z [info]: ADMIN_ACTION {"service":"d4-media-security","userId":"unauthenticated","ip":"::1","method":"POST","path":"/api/v1/auth/login","body":{}}
2025-07-20T23:09:23.638Z [info]: ADMIN_ACTION {"service":"d4-media-security","userId":"unauthenticated","ip":"::1","method":"POST","path":"/api/v1/auth/login","body":{}}
2025-07-20T23:09:30.881Z [info]: ADMIN_ACTION {"service":"d4-media-security","userId":"unauthenticated","ip":"::1","method":"POST","path":"/api/v1/auth/login","body":{}}
2025-07-20T23:11:42.770Z [info]: ADMIN_ACTION {"service":"d4-media-security","userId":"unauthenticated","ip":"::1","method":"POST","path":"/api/v1/auth/login","body":{}}
2025-07-20T23:11:57.041Z [info]: ADMIN_ACTION {"service":"d4-media-security","userId":"unauthenticated","ip":"::1","method":"POST","path":"/api/v1/auth/login","body":{}}
2025-07-20T23:12:34.455Z [info]: ADMIN_ACTION {"service":"d4-media-security","userId":"unauthenticated","ip":"::1","method":"POST","path":"/api/v1/auth/login","body":{}}
2025-07-20T23:13:01.334Z [info]: ADMIN_ACTION {"service":"d4-media-security","userId":"unauthenticated","ip":"::1","method":"POST","path":"/api/v1/auth/login","body":{}}
2025-07-20T23:13:16.353Z [info]: ADMIN_ACTION {"service":"d4-media-security","userId":"unauthenticated","ip":"::1","method":"POST","path":"/api/v1/auth/login","body":{}}
2025-07-20T23:17:30.490Z [info]: ADMIN_ACTION {"service":"d4-media-security","userId":"unauthenticated","ip":"::1","method":"POST","path":"/api/v1/auth/login","body":{}}
2025-07-20T23:18:59.719Z [info]: ADMIN_ACTION {"service":"d4-media-security","userId":"unauthenticated","ip":"::1","method":"POST","path":"/api/v1/auth/login","body":{}}
2025-07-20T23:19:00.075Z [warn]: LOGIN_FAILURE {"service":"d4-media-security","ip":"::1","email":"admin@d4media.com","statusCode":401}
2025-07-20T23:20:10.687Z [info]: ADMIN_ACTION {"service":"d4-media-security","userId":"unauthenticated","ip":"::1","method":"POST","path":"/api/v1/auth/login","body":{}}
2025-07-20T23:20:19.640Z [info]: ADMIN_ACTION {"service":"d4-media-security","userId":"unauthenticated","ip":"::1","method":"POST","path":"/api/v1/auth/login","body":{}}
2025-07-20T23:20:29.050Z [info]: ADMIN_ACTION {"service":"d4-media-security","userId":"unauthenticated","ip":"::1","method":"POST","path":"/api/v1/auth/login","body":{}}
2025-07-20T23:20:57.335Z [info]: ADMIN_ACTION {"service":"d4-media-security","userId":"unauthenticated","ip":"::1","method":"POST","path":"/api/v1/auth/login","body":{}}
2025-07-20T23:21:07.970Z [error]: SERVER_ERROR {"service":"d4-media-security","userId":"unauthenticated","ip":"::1","method":"POST","path":"/api/v1/invoices/rental","statusCode":500}
2025-07-20T23:21:48.050Z [info]: ADMIN_ACTION {"service":"d4-media-security","userId":"unauthenticated","ip":"::1","method":"POST","path":"/api/v1/auth/login","body":{}}
2025-07-20T23:22:28.832Z [info]: ADMIN_ACTION {"service":"d4-media-security","userId":"unauthenticated","ip":"::1","method":"POST","path":"/api/v1/auth/login","body":{}}
2025-07-20T23:22:47.146Z [info]: ADMIN_ACTION {"service":"d4-media-security","userId":"unauthenticated","ip":"::1","method":"POST","path":"/api/v1/auth/login","body":{}}
2025-07-20T23:23:04.594Z [info]: ADMIN_ACTION {"service":"d4-media-security","userId":"unauthenticated","ip":"::1","method":"POST","path":"/api/v1/auth/login","body":{}}
2025-07-20T23:24:28.481Z [error]: SERVER_ERROR {"service":"d4-media-security","userId":"unauthenticated","ip":"::1","method":"POST","path":"/api/v1/invoices/rental","statusCode":500}
2025-07-20T23:31:25.779Z [info]: ADMIN_ACTION {"service":"d4-media-security","userId":"unauthenticated","ip":"::1","method":"POST","path":"/api/v1/auth/login","body":{}}
2025-07-20T23:34:36.018Z [info]: ADMIN_ACTION {"service":"d4-media-security","userId":"unauthenticated","ip":"::1","method":"POST","path":"/api/v1/auth/login","body":{}}
2025-07-20T23:34:39.360Z [info]: ADMIN_ACTION {"service":"d4-media-security","userId":"unauthenticated","ip":"::1","method":"POST","path":"/api/v1/auth/logout","body":{}}
2025-07-20T23:45:04.099Z [info]: ADMIN_ACTION {"service":"d4-media-security","userId":"unauthenticated","ip":"::1","method":"POST","path":"/api/v1/auth/login","body":{}}
2025-07-20T23:48:38.535Z [info]: ADMIN_ACTION {"service":"d4-media-security","userId":"unauthenticated","ip":"::1","method":"POST","path":"/api/v1/auth/login","body":{}}
2025-07-21T00:06:13.099Z [info]: ADMIN_ACTION {"service":"d4-media-security","userId":"unauthenticated","ip":"::1","method":"POST","path":"/api/v1/auth/login","body":{}}
2025-07-21T00:06:17.139Z [error]: SERVER_ERROR {"service":"d4-media-security","userId":"unauthenticated","ip":"::1","method":"GET","path":"/api/v1/equipment?search=&category=&status=&page=1&limit=20","statusCode":500}
2025-07-21T00:06:19.765Z [error]: SERVER_ERROR {"service":"d4-media-security","userId":"unauthenticated","ip":"::1","method":"GET","path":"/api/v1/equipment/checkout/pending","statusCode":500}
2025-07-21T00:08:54.503Z [info]: ADMIN_ACTION {"service":"d4-media-security","userId":"unauthenticated","ip":"::1","method":"POST","path":"/api/v1/auth/login","body":{}}
2025-07-21T00:09:56.883Z [info]: ADMIN_ACTION {"service":"d4-media-security","userId":"unauthenticated","ip":"::1","method":"POST","path":"/api/v1/auth/login","body":{}}
2025-07-21T00:10:24.757Z [info]: ADMIN_ACTION {"service":"d4-media-security","userId":"unauthenticated","ip":"::1","method":"POST","path":"/api/v1/auth/login","body":{}}
2025-07-21T00:13:24.499Z [info]: ADMIN_ACTION {"service":"d4-media-security","userId":"unauthenticated","ip":"::1","method":"POST","path":"/api/v1/auth/login","body":{}}
2025-07-21T00:13:30.563Z [error]: SERVER_ERROR {"service":"d4-media-security","userId":"unauthenticated","ip":"::1","method":"GET","path":"/api/v1/equipment?search=&category=&status=&page=1&limit=20","statusCode":500}
2025-07-21T00:14:44.688Z [info]: ADMIN_ACTION {"service":"d4-media-security","userId":"unauthenticated","ip":"::1","method":"POST","path":"/api/v1/auth/login","body":{}}
2025-07-21T00:14:51.688Z [error]: SERVER_ERROR {"service":"d4-media-security","userId":"unauthenticated","ip":"::1","method":"GET","path":"/api/v1/equipment-items/checkout/pending","statusCode":500}
2025-07-21T00:18:43.968Z [info]: ADMIN_ACTION {"service":"d4-media-security","userId":"unauthenticated","ip":"::1","method":"POST","path":"/api/v1/auth/login","body":{}}
2025-07-21T00:18:54.839Z [info]: ADMIN_ACTION {"service":"d4-media-security","userId":"unauthenticated","ip":"::1","method":"POST","path":"/api/v1/auth/login","body":{}}
2025-07-21T00:19:01.378Z [info]: ADMIN_ACTION {"service":"d4-media-security","userId":"unauthenticated","ip":"::1","method":"POST","path":"/api/v1/auth/login","body":{}}
2025-07-21T00:24:23.806Z [info]: ADMIN_ACTION {"service":"d4-media-security","userId":"unauthenticated","ip":"::1","method":"POST","path":"/api/v1/auth/login","body":{}}
2025-07-21T00:24:33.886Z [info]: ADMIN_ACTION {"service":"d4-media-security","userId":"unauthenticated","ip":"::1","method":"POST","path":"/api/v1/auth/login","body":{}}
2025-07-21T00:24:40.347Z [error]: SERVER_ERROR {"service":"d4-media-security","userId":"unauthenticated","ip":"::1","method":"GET","path":"/api/v1/equipment-items/checkout/history?limit=5","statusCode":500}
2025-07-21T00:26:03.289Z [info]: ADMIN_ACTION {"service":"d4-media-security","userId":"unauthenticated","ip":"::1","method":"POST","path":"/api/v1/auth/login","body":{}}
2025-07-21T00:36:03.156Z [info]: ADMIN_ACTION {"service":"d4-media-security","userId":"unauthenticated","ip":"::1","method":"POST","path":"/api/v1/auth/login","body":{}}
2025-07-21T00:36:11.178Z [info]: ADMIN_ACTION {"service":"d4-media-security","userId":"unauthenticated","ip":"::1","method":"POST","path":"/api/v1/auth/login","body":{}}
2025-07-21T00:36:22.557Z [info]: ADMIN_ACTION {"service":"d4-media-security","userId":"unauthenticated","ip":"::1","method":"POST","path":"/api/v1/auth/login","body":{}}
2025-07-21T00:36:56.799Z [info]: ADMIN_ACTION {"service":"d4-media-security","userId":"unauthenticated","ip":"::1","method":"POST","path":"/api/v1/auth/login","body":{}}
2025-07-21T00:37:14.015Z [info]: ADMIN_ACTION {"service":"d4-media-security","userId":"unauthenticated","ip":"::1","method":"POST","path":"/api/v1/auth/login","body":{}}
2025-07-21T00:38:46.951Z [info]: ADMIN_ACTION {"service":"d4-media-security","userId":"unauthenticated","ip":"::1","method":"POST","path":"/api/v1/auth/login","body":{}}
2025-07-21T02:07:25.635Z [info]: ADMIN_ACTION {"service":"d4-media-security","userId":"unauthenticated","ip":"::1","method":"POST","path":"/api/v1/auth/login","body":{}}
2025-07-21T02:07:34.101Z [info]: ADMIN_ACTION {"service":"d4-media-security","userId":"unauthenticated","ip":"::1","method":"POST","path":"/api/v1/auth/login","body":{}}
2025-07-21T02:08:04.562Z [info]: ADMIN_ACTION {"service":"d4-media-security","userId":"unauthenticated","ip":"::1","method":"POST","path":"/api/v1/auth/login","body":{}}
2025-07-21T02:09:26.998Z [info]: ADMIN_ACTION {"service":"d4-media-security","userId":"unauthenticated","ip":"::1","method":"POST","path":"/api/v1/auth/login","body":{}}
2025-07-21T02:20:30.758Z [info]: ADMIN_ACTION {"service":"d4-media-security","userId":"unauthenticated","ip":"::1","method":"POST","path":"/api/v1/auth/login","body":{}}
2025-07-21T02:24:14.090Z [info]: ADMIN_ACTION {"service":"d4-media-security","userId":"unauthenticated","ip":"::1","method":"POST","path":"/api/v1/auth/login","body":{}}
2025-07-21T05:04:52.122Z [info]: ADMIN_ACTION {"service":"d4-media-security","userId":"unauthenticated","ip":"::1","method":"POST","path":"/api/v1/auth/login","body":{}}
2025-07-21T05:05:02.445Z [info]: ADMIN_ACTION {"service":"d4-media-security","userId":"unauthenticated","ip":"::1","method":"POST","path":"/api/v1/auth/login","body":{}}
2025-07-21T05:05:43.007Z [info]: ADMIN_ACTION {"service":"d4-media-security","userId":"unauthenticated","ip":"::1","method":"POST","path":"/api/v1/auth/login","body":{}}
2025-07-21T06:17:16.223Z [info]: ADMIN_ACTION {"service":"d4-media-security","userId":"unauthenticated","ip":"::1","method":"POST","path":"/api/v1/auth/login","body":{}}
2025-07-21T09:21:19.978Z [info]: ADMIN_ACTION {"service":"d4-media-security","userId":"unauthenticated","ip":"::1","method":"POST","path":"/api/v1/auth/login","body":{}}
2025-07-21T09:26:47.805Z [info]: ADMIN_ACTION {"service":"d4-media-security","userId":"unauthenticated","ip":"::1","method":"POST","path":"/api/v1/auth/login","body":{}}
2025-07-21T09:27:20.226Z [info]: ADMIN_ACTION {"service":"d4-media-security","userId":"unauthenticated","ip":"::1","method":"POST","path":"/api/v1/auth/login","body":{}}
2025-07-21T09:27:32.989Z [info]: ADMIN_ACTION {"service":"d4-media-security","userId":"unauthenticated","ip":"::1","method":"POST","path":"/api/v1/auth/login","body":{}}
2025-07-21T09:30:18.407Z [info]: ADMIN_ACTION {"service":"d4-media-security","userId":"unauthenticated","ip":"::1","method":"POST","path":"/api/v1/auth/login","body":{}}
2025-07-21T09:37:21.329Z [info]: ADMIN_ACTION {"service":"d4-media-security","userId":"unauthenticated","ip":"::1","method":"POST","path":"/api/v1/auth/login","body":{}}
2025-07-21T09:39:13.962Z [info]: ADMIN_ACTION {"service":"d4-media-security","userId":"unauthenticated","ip":"::1","method":"POST","path":"/api/v1/auth/login","body":{}}
